sample.interval=20000
"ls" "FUN" "lapply" ".rs.objectsOnSearchPath" ".rs.getCompletionsSearchPath" "Reduce" "<Anonymous>" 
"ls" "FUN" "lapply" ".rs.objectsOnSearchPath" ".rs.getCompletionsSearchPath" "Reduce" "<Anonymous>" 
"ls" "FUN" "lapply" ".rs.objectsOnSearchPath" ".rs.getCompletionsSearchPath" "Reduce" "<Anonymous>" 
"eval" "match.arg" "match" "textConnection" "capture.output" ".rs.getHelpFromObject" ".rs.getHelpFunction" "<Anonymous>" 
"sub" ".rs.doStripSurrounding" ".rs.stripSurrounding" ".rs.getAnywhere" ".rs.resolveObjectFromFunctionCall" ".rs.getCompletionsArgument" ".rs.getCompletionsFunction" ".rs.appendCompletions" ".rs.getRCompletions" ".rs.appendCompletions" "<Anonymous>" 
"ls" "FUN" "lapply" ".rs.objectsOnSearchPath" ".rs.getCompletionsSearchPath" "Reduce" "<Anonymous>" 
"ls" "FUN" "lapply" ".rs.objectsOnSearchPath" ".rs.getCompletionsSearchPath" "Reduce" "<Anonymous>" 
"ls" "FUN" "lapply" ".rs.objectsOnSearchPath" ".rs.getCompletionsSearchPath" "Reduce" "<Anonymous>" 
"ls" "FUN" "lapply" ".rs.objectsOnSearchPath" ".rs.getCompletionsSearchPath" "Reduce" "<Anonymous>" 
"loglin" "detQuality" "gm.search" "gm.restart" 
"neighbors" "find.cliques" "getCliques" "FUN" "lapply" "gm.search" "gm.restart" 
"as.vector" "loglin" "detQuality" "FUN" "lapply" "gm.search" "gm.restart" 
"as.vector" "loglin" "detQuality" "FUN" "lapply" "gm.search" "gm.restart" 
"as.vector" "loglin" "detQuality" "FUN" "lapply" "gm.search" "gm.restart" 
"as.vector" "loglin" "detQuality" "FUN" "lapply" "gm.search" "gm.restart" 
"as.vector" "loglin" "detQuality" "FUN" "lapply" "gm.search" "gm.restart" 
"as.vector" "loglin" "detQuality" "FUN" "lapply" "gm.search" "gm.restart" 
"as.vector" "loglin" "detQuality" "FUN" "lapply" "gm.search" "gm.restart" 
"loglin" "detQuality" "FUN" "lapply" "gm.search" "gm.restart" 
"loglin" "detQuality" "FUN" "lapply" "gm.search" "gm.restart" 
"as.vector" "loglin" "detQuality" "FUN" "lapply" "gm.search" "gm.restart" 
"loglin" "detQuality" "FUN" "lapply" "gm.search" "gm.restart" 
"loglin" "detQuality" "FUN" "lapply" "gm.search" "gm.restart" 
"as.vector" "loglin" "detQuality" "FUN" "lapply" "gm.search" "gm.restart" 
"as.vector" "loglin" "detQuality" "FUN" "lapply" "gm.search" "gm.restart" 
"loglin" "detQuality" "FUN" "lapply" "gm.search" "gm.restart" 
"loglin" "detQuality" "FUN" "lapply" "gm.search" "gm.restart" 
"loglin" "detQuality" "FUN" "lapply" "gm.search" "gm.restart" 
"as.vector" "loglin" "detQuality" "FUN" "lapply" "gm.search" "gm.restart" 
"as.vector" "loglin" "detQuality" "FUN" "lapply" "gm.search" "gm.restart" 
"as.vector" "loglin" "detQuality" "FUN" "lapply" "gm.search" "gm.restart" 
"sum" "loglin" "detQuality" "FUN" "lapply" "gm.search" "gm.restart" 
"loglin" "detQuality" "FUN" "lapply" "gm.search" "gm.restart" 
"loglin" "detQuality" "FUN" "lapply" "gm.search" "gm.restart" 
"as.vector" "loglin" "detQuality" "FUN" "lapply" "gm.search" "gm.restart" 
"loglin" "detQuality" "FUN" "lapply" "gm.search" "gm.restart" 
"as.vector" "loglin" "detQuality" "FUN" "lapply" "gm.search" "gm.restart" 
"as.vector" "loglin" "detQuality" "FUN" "lapply" "gm.search" "gm.restart" 
"as.vector" "loglin" "detQuality" "FUN" "lapply" "gm.search" "gm.restart" 
"as.vector" "loglin" "detQuality" "FUN" "lapply" "gm.search" "gm.restart" 
"loglin" "detQuality" "FUN" "lapply" "gm.search" "gm.restart" 
"as.vector" "loglin" "detQuality" "FUN" "lapply" "gm.search" "gm.restart" 
"loglin" "detQuality" "FUN" "lapply" "gm.search" "gm.restart" 
"loglin" "detQuality" "FUN" "lapply" "gm.search" "gm.restart" 
"loglin" "detQuality" "FUN" "lapply" "gm.search" "gm.restart" 
"as.vector" "loglin" "detQuality" "FUN" "lapply" "gm.search" "gm.restart" 
"as.vector" "loglin" "detQuality" "FUN" "lapply" "gm.search" "gm.restart" 
"as.vector" "loglin" "detQuality" "FUN" "lapply" "gm.search" "gm.restart" 
"as.vector" "loglin" "detQuality" "FUN" "lapply" "gm.search" "gm.restart" 
"loglin" "detQuality" "FUN" "lapply" "gm.search" "gm.restart" 
"as.vector" "loglin" "detQuality" "FUN" "lapply" "gm.search" "gm.restart" 
"as.vector" "loglin" "detQuality" "FUN" "lapply" "gm.search" "gm.restart" 
"loglin" "detQuality" "FUN" "lapply" "gm.search" "gm.restart" 
"loglin" "detQuality" "FUN" "lapply" "gm.search" "gm.restart" 
"as.vector" "loglin" "detQuality" "FUN" "lapply" "gm.search" "gm.restart" 
"as.vector" "loglin" "detQuality" "FUN" "lapply" "gm.search" "gm.restart" 
"loglin" "detQuality" "FUN" "lapply" "gm.search" "gm.restart" 
"loglin" "detQuality" "FUN" "lapply" "gm.search" "gm.restart" 
"loglin" "detQuality" "FUN" "lapply" "gm.search" "gm.restart" 
"as.vector" "loglin" "detQuality" "FUN" "lapply" "gm.search" "gm.restart" 
"as.vector" "loglin" "detQuality" "FUN" "lapply" "gm.search" "gm.restart" 
"as.vector" "loglin" "detQuality" "FUN" "lapply" "gm.search" "gm.restart" 
"loglin" "detQuality" "FUN" "lapply" "gm.search" "gm.restart" 
"loglin" "detQuality" "FUN" "lapply" "gm.search" "gm.restart" 
"loglin" "detQuality" "FUN" "lapply" "gm.search" "gm.restart" 
"loglin" "detQuality" "FUN" "lapply" "gm.search" "gm.restart" 
"as.vector" "loglin" "detQuality" "FUN" "lapply" "gm.search" "gm.restart" 
"as.vector" "loglin" "detQuality" "FUN" "lapply" "gm.search" "gm.restart" 
"as.vector" "loglin" "detQuality" "FUN" "lapply" "gm.search" "gm.restart" 
"as.vector" "loglin" "detQuality" "FUN" "lapply" "gm.search" "gm.restart" 
"as.vector" "loglin" "detQuality" "FUN" "lapply" "gm.search" "gm.restart" 
"as.vector" "loglin" "detQuality" "FUN" "lapply" "gm.search" "gm.restart" 
"loglin" "detQuality" "FUN" "lapply" "gm.search" "gm.restart" 
"loglin" "detQuality" "FUN" "lapply" "gm.search" "gm.restart" 
"loglin" "detQuality" "FUN" "lapply" "gm.search" "gm.restart" 
"as.vector" "loglin" "detQuality" "FUN" "lapply" "gm.search" "gm.restart" 
"as.vector" "loglin" "detQuality" "FUN" "lapply" "gm.search" "gm.restart" 
"loglin" "detQuality" "FUN" "lapply" "gm.search" "gm.restart" 
"as.vector" "loglin" "detQuality" "FUN" "lapply" "gm.search" "gm.restart" 
"as.vector" "loglin" "detQuality" "FUN" "lapply" "gm.search" "gm.restart" 
"as.vector" "loglin" "detQuality" "FUN" "lapply" "gm.search" "gm.restart" 
"as.vector" "loglin" "detQuality" "FUN" "lapply" "gm.search" "gm.restart" 
"as.vector" "loglin" "detQuality" "FUN" "lapply" "gm.search" "gm.restart" 
"as.vector" "loglin" "detQuality" "FUN" "lapply" "gm.search" "gm.restart" 
"loglin" "detQuality" "FUN" "lapply" "gm.search" "gm.restart" 
"loglin" "detQuality" "FUN" "lapply" "gm.search" "gm.restart" 
"loglin" "detQuality" "FUN" "lapply" "gm.search" "gm.restart" 
"as.vector" "loglin" "detQuality" "FUN" "lapply" "gm.search" "gm.restart" 
"as.vector" "loglin" "detQuality" "FUN" "lapply" "gm.search" "gm.restart" 
"loglin" "detQuality" "FUN" "lapply" "gm.search" "gm.restart" 
"loglin" "detQuality" "FUN" "lapply" "gm.search" "gm.restart" 
"loglin" "detQuality" "FUN" "lapply" "gm.search" "gm.restart" 
"as.vector" "loglin" "detQuality" "FUN" "lapply" "gm.search" "gm.restart" 
"loglin" "detQuality" "FUN" "lapply" "gm.search" "gm.restart" 
"loglin" "detQuality" "FUN" "lapply" "gm.search" "gm.restart" 
"loglin" "detQuality" "FUN" "lapply" "gm.search" "gm.restart" 
"as.vector" "loglin" "detQuality" "FUN" "lapply" "gm.search" "gm.restart" 
"as.vector" "loglin" "detQuality" "FUN" "lapply" "gm.search" "gm.restart" 
"loglin" "detQuality" "FUN" "lapply" "gm.search" "gm.restart" 
"loglin" "detQuality" "FUN" "lapply" "gm.search" "gm.restart" 
"as.vector" "loglin" "detQuality" "FUN" "lapply" "gm.search" "gm.restart" 
"as.vector" "loglin" "detQuality" "FUN" "lapply" "gm.search" "gm.restart" 
"as.vector" "loglin" "detQuality" "FUN" "lapply" "gm.search" "gm.restart" 
"loglin" "detQuality" "FUN" "lapply" "gm.search" "gm.restart" 
"as.vector" "loglin" "detQuality" "FUN" "lapply" "gm.search" "gm.restart" 
"as.vector" "loglin" "detQuality" "FUN" "lapply" "gm.search" "gm.restart" 
"as.vector" "loglin" "detQuality" "FUN" "lapply" "gm.search" "gm.restart" 
"loglin" "detQuality" "FUN" "lapply" "gm.search" "gm.restart" 
"as.vector" "loglin" "detQuality" "FUN" "lapply" "gm.search" "gm.restart" 
"as.vector" "loglin" "detQuality" "FUN" "lapply" "gm.search" "gm.restart" 
"loglin" "detQuality" "FUN" "lapply" "gm.search" "gm.restart" 
"as.vector" "loglin" "detQuality" "FUN" "lapply" "gm.search" "gm.restart" 
"loglin" "detQuality" "FUN" "lapply" "gm.search" "gm.restart" 
"loglin" "detQuality" "FUN" "lapply" "gm.search" "gm.restart" 
"loglin" "detQuality" "FUN" "lapply" "gm.search" "gm.restart" 
"as.vector" "loglin" "detQuality" "FUN" "lapply" "gm.search" "gm.restart" 
"loglin" "detQuality" "FUN" "lapply" "gm.search" "gm.restart" 
"loglin" "detQuality" "FUN" "lapply" "gm.search" "gm.restart" 
"loglin" "detQuality" "FUN" "lapply" "gm.search" "gm.restart" 
"as.vector" "loglin" "detQuality" "FUN" "lapply" "gm.search" "gm.restart" 
"loglin" "detQuality" "FUN" "lapply" "gm.search" "gm.restart" 
"as.vector" "loglin" "detQuality" "FUN" "lapply" "gm.search" "gm.restart" 
"as.vector" "loglin" "detQuality" "FUN" "lapply" "gm.search" "gm.restart" 
"as.vector" "loglin" "detQuality" "FUN" "lapply" "gm.search" "gm.restart" 
"as.vector" "loglin" "detQuality" "FUN" "lapply" "gm.search" "gm.restart" 
"as.vector" "loglin" "detQuality" "FUN" "lapply" "gm.search" "gm.restart" 
"as.vector" "loglin" "detQuality" "FUN" "lapply" "gm.search" "gm.restart" 
"loglin" "detQuality" "FUN" "lapply" "gm.search" "gm.restart" 
"as.vector" "loglin" "detQuality" "FUN" "lapply" "gm.search" "gm.restart" 
"as.vector" "loglin" "detQuality" "FUN" "lapply" "gm.search" "gm.restart" 
"as.vector" "loglin" "detQuality" "FUN" "lapply" "gm.search" "gm.restart" 
"as.vector" "loglin" "detQuality" "FUN" "lapply" "gm.search" "gm.restart" 
"loglin" "detQuality" "FUN" "lapply" "gm.search" "gm.restart" 
"as.vector" "loglin" "detQuality" "FUN" "lapply" "gm.search" "gm.restart" 
"loglin" "detQuality" "FUN" "lapply" "gm.search" "gm.restart" 
"loglin" "detQuality" "FUN" "lapply" "gm.search" "gm.restart" 
"loglin" "detQuality" "FUN" "lapply" "gm.search" "gm.restart" 
"as.vector" "loglin" "detQuality" "FUN" "lapply" "gm.search" "gm.restart" 
"as.vector" "loglin" "detQuality" "FUN" "lapply" "gm.search" "gm.restart" 
"as.vector" "loglin" "detQuality" "FUN" "lapply" "gm.search" "gm.restart" 
"as.vector" "loglin" "detQuality" "FUN" "lapply" "gm.search" "gm.restart" 
"loglin" "detQuality" "FUN" "lapply" "gm.search" "gm.restart" 
"as.vector" "loglin" "detQuality" "FUN" "lapply" "gm.search" "gm.restart" 
"as.vector" "loglin" "detQuality" "FUN" "lapply" "gm.search" "gm.restart" 
"loglin" "detQuality" "FUN" "lapply" "gm.search" "gm.restart" 
"loglin" "detQuality" "FUN" "lapply" "gm.search" "gm.restart" 
"as.vector" "loglin" "detQuality" "FUN" "lapply" "gm.search" "gm.restart" 
"as.vector" "loglin" "detQuality" "FUN" "lapply" "gm.search" "gm.restart" 
"loglin" "detQuality" "FUN" "lapply" "gm.search" "gm.restart" 
"loglin" "detQuality" "FUN" "lapply" "gm.search" "gm.restart" 
"as.vector" "loglin" "detQuality" "FUN" "lapply" "gm.search" "gm.restart" 
"as.vector" "loglin" "detQuality" "FUN" "lapply" "gm.search" "gm.restart" 
"loglin" "detQuality" "FUN" "lapply" "gm.search" "gm.restart" 
"as.vector" "loglin" "detQuality" "FUN" "lapply" "gm.search" "gm.restart" 
"as.vector" "loglin" "detQuality" "FUN" "lapply" "gm.search" "gm.restart" 
"loglin" "detQuality" "gm.search" "gm.restart" 
"loglin" "detQuality" "gm.search" "gm.restart" 
"loglin" "detQuality" "gm.search" "gm.restart" 
"loglin" "detQuality" "gm.search" "gm.restart" 
"sum" "loglin" "detQuality" "gm.search" "gm.restart" 
"as.vector" "loglin" "detQuality" "gm.search" "gm.restart" 
"ls" "FUN" "lapply" ".rs.objectsOnSearchPath" ".rs.getCompletionsSearchPath" "Reduce" "<Anonymous>" 
"ls" "FUN" "lapply" ".rs.objectsOnSearchPath" ".rs.getCompletionsSearchPath" "Reduce" "<Anonymous>" 
"ls" "FUN" "lapply" ".rs.objectsOnSearchPath" ".rs.getCompletionsSearchPath" "Reduce" "<Anonymous>" 
"duplicated" "which" "as.vector" "intersect" "f" "Reduce" "<Anonymous>" 
"table" "gm.restart" 
"loglin" "detQuality" "gm.search" "gm.restart" 
"loglin" "detQuality" "gm.search" "gm.restart" 
"loglin" "detQuality" "gm.search" "gm.restart" 
"loglin" "detQuality" "FUN" "lapply" "gm.search" "gm.restart" 
"loglin" "detQuality" "FUN" "lapply" "gm.search" "gm.restart" 
"as.vector" "loglin" "detQuality" "FUN" "lapply" "gm.search" "gm.restart" 
"as.vector" "loglin" "detQuality" "FUN" "lapply" "gm.search" "gm.restart" 
"as.vector" "loglin" "detQuality" "FUN" "lapply" "gm.search" "gm.restart" 
"loglin" "detQuality" "FUN" "lapply" "gm.search" "gm.restart" 
"loglin" "detQuality" "FUN" "lapply" "gm.search" "gm.restart" 
"as.vector" "loglin" "detQuality" "FUN" "lapply" "gm.search" "gm.restart" 
"as.vector" "loglin" "detQuality" "FUN" "lapply" "gm.search" "gm.restart" 
"as.vector" "loglin" "detQuality" "FUN" "lapply" "gm.search" "gm.restart" 
"as.vector" "loglin" "detQuality" "FUN" "lapply" "gm.search" "gm.restart" 
"detQuality" "FUN" "lapply" "gm.search" "gm.restart" 
"as.vector" "loglin" "detQuality" "FUN" "lapply" "gm.search" "gm.restart" 
"as.vector" "loglin" "detQuality" "FUN" "lapply" "gm.search" "gm.restart" 
"as.vector" "loglin" "detQuality" "FUN" "lapply" "gm.search" "gm.restart" 
"as.vector" "loglin" "detQuality" "FUN" "lapply" "gm.search" "gm.restart" 
"as.vector" "loglin" "detQuality" "FUN" "lapply" "gm.search" "gm.restart" 
"loglin" "detQuality" "FUN" "lapply" "gm.search" "gm.restart" 
"as.vector" "loglin" "detQuality" "FUN" "lapply" "gm.search" "gm.restart" 
"as.vector" "loglin" "detQuality" "FUN" "lapply" "gm.search" "gm.restart" 
"as.vector" "loglin" "detQuality" "FUN" "lapply" "gm.search" "gm.restart" 
"loglin" "detQuality" "FUN" "lapply" "gm.search" "gm.restart" 
"loglin" "detQuality" "FUN" "lapply" "gm.search" "gm.restart" 
"loglin" "detQuality" "FUN" "lapply" "gm.search" "gm.restart" 
"as.vector" "loglin" "detQuality" "FUN" "lapply" "gm.search" "gm.restart" 
"as.vector" "loglin" "detQuality" "FUN" "lapply" "gm.search" "gm.restart" 
"loglin" "detQuality" "FUN" "lapply" "gm.search" "gm.restart" 
"loglin" "detQuality" "FUN" "lapply" "gm.search" "gm.restart" 
"as.vector" "loglin" "detQuality" "FUN" "lapply" "gm.search" "gm.restart" 
"as.vector" "loglin" "detQuality" "FUN" "lapply" "gm.search" "gm.restart" 
"loglin" "detQuality" "FUN" "lapply" "gm.search" "gm.restart" 
"loglin" "detQuality" "FUN" "lapply" "gm.search" "gm.restart" 
"as.vector" "loglin" "detQuality" "FUN" "lapply" "gm.search" "gm.restart" 
"as.vector" "loglin" "detQuality" "FUN" "lapply" "gm.search" "gm.restart" 
"loglin" "detQuality" "FUN" "lapply" "gm.search" "gm.restart" 
"as.vector" "loglin" "detQuality" "FUN" "lapply" "gm.search" "gm.restart" 
"as.vector" "loglin" "detQuality" "FUN" "lapply" "gm.search" "gm.restart" 
"as.vector" "loglin" "detQuality" "FUN" "lapply" "gm.search" "gm.restart" 
"as.vector" "loglin" "detQuality" "FUN" "lapply" "gm.search" "gm.restart" 
"as.vector" "loglin" "detQuality" "FUN" "lapply" "gm.search" "gm.restart" 
"loglin" "detQuality" "FUN" "lapply" "gm.search" "gm.restart" 
"loglin" "detQuality" "FUN" "lapply" "gm.search" "gm.restart" 
"loglin" "detQuality" "FUN" "lapply" "gm.search" "gm.restart" 
"loglin" "detQuality" "FUN" "lapply" "gm.search" "gm.restart" 
"loglin" "detQuality" "FUN" "lapply" "gm.search" "gm.restart" 
"as.vector" "loglin" "detQuality" "FUN" "lapply" "gm.search" "gm.restart" 
"as.vector" "loglin" "detQuality" "FUN" "lapply" "gm.search" "gm.restart" 
"loglin" "detQuality" "FUN" "lapply" "gm.search" "gm.restart" 
"loglin" "detQuality" "FUN" "lapply" "gm.search" "gm.restart" 
"loglin" "detQuality" "FUN" "lapply" "gm.search" "gm.restart" 
"as.vector" "loglin" "detQuality" "FUN" "lapply" "gm.search" "gm.restart" 
"loglin" "detQuality" "FUN" "lapply" "gm.search" "gm.restart" 
"loglin" "detQuality" "FUN" "lapply" "gm.search" "gm.restart" 
"loglin" "detQuality" "FUN" "lapply" "gm.search" "gm.restart" 
"as.vector" "loglin" "detQuality" "FUN" "lapply" "gm.search" "gm.restart" 
"as.vector" "loglin" "detQuality" "FUN" "lapply" "gm.search" "gm.restart" 
"loglin" "detQuality" "FUN" "lapply" "gm.search" "gm.restart" 
"loglin" "detQuality" "FUN" "lapply" "gm.search" "gm.restart" 
"as.vector" "loglin" "detQuality" "FUN" "lapply" "gm.search" "gm.restart" 
"as.vector" "loglin" "detQuality" "FUN" "lapply" "gm.search" "gm.restart" 
"as.vector" "loglin" "detQuality" "FUN" "lapply" "gm.search" "gm.restart" 
"loglin" "detQuality" "FUN" "lapply" "gm.search" "gm.restart" 
"loglin" "detQuality" "FUN" "lapply" "gm.search" "gm.restart" 
"loglin" "detQuality" "FUN" "lapply" "gm.search" "gm.restart" 
"loglin" "detQuality" "FUN" "lapply" "gm.search" "gm.restart" 
"as.vector" "loglin" "detQuality" "FUN" "lapply" "gm.search" "gm.restart" 
"as.vector" "loglin" "detQuality" "FUN" "lapply" "gm.search" "gm.restart" 
"loglin" "detQuality" "FUN" "lapply" "gm.search" "gm.restart" 
"loglin" "detQuality" "FUN" "lapply" "gm.search" "gm.restart" 
"loglin" "detQuality" "FUN" "lapply" "gm.search" "gm.restart" 
"as.vector" "loglin" "detQuality" "FUN" "lapply" "gm.search" "gm.restart" 
"as.vector" "loglin" "detQuality" "FUN" "lapply" "gm.search" "gm.restart" 
"as.vector" "loglin" "detQuality" "FUN" "lapply" "gm.search" "gm.restart" 
"loglin" "detQuality" "FUN" "lapply" "gm.search" "gm.restart" 
"loglin" "detQuality" "FUN" "lapply" "gm.search" "gm.restart" 
"loglin" "detQuality" "FUN" "lapply" "gm.search" "gm.restart" 
"as.vector" "loglin" "detQuality" "FUN" "lapply" "gm.search" "gm.restart" 
"as.vector" "loglin" "detQuality" "FUN" "lapply" "gm.search" "gm.restart" 
"as.vector" "loglin" "detQuality" "FUN" "lapply" "gm.search" "gm.restart" 
"as.vector" "loglin" "detQuality" "FUN" "lapply" "gm.search" "gm.restart" 
"loglin" "detQuality" "FUN" "lapply" "gm.search" "gm.restart" 
"as.vector" "loglin" "detQuality" "FUN" "lapply" "gm.search" "gm.restart" 
"as.vector" "loglin" "detQuality" "FUN" "lapply" "gm.search" "gm.restart" 
"loglin" "detQuality" "FUN" "lapply" "gm.search" "gm.restart" 
"loglin" "detQuality" "FUN" "lapply" "gm.search" "gm.restart" 
"as.vector" "loglin" "detQuality" "FUN" "lapply" "gm.search" "gm.restart" 
"as.vector" "loglin" "detQuality" "FUN" "lapply" "gm.search" "gm.restart" 
"loglin" "detQuality" "FUN" "lapply" "gm.search" "gm.restart" 
"loglin" "detQuality" "FUN" "lapply" "gm.search" "gm.restart" 
"as.vector" "loglin" "detQuality" "FUN" "lapply" "gm.search" "gm.restart" 
"as.vector" "loglin" "detQuality" "FUN" "lapply" "gm.search" "gm.restart" 
"loglin" "detQuality" "FUN" "lapply" "gm.search" "gm.restart" 
"loglin" "detQuality" "FUN" "lapply" "gm.search" "gm.restart" 
"loglin" "detQuality" "FUN" "lapply" "gm.search" "gm.restart" 
"as.vector" "loglin" "detQuality" "FUN" "lapply" "gm.search" "gm.restart" 
"as.vector" "loglin" "detQuality" "FUN" "lapply" "gm.search" "gm.restart" 
"loglin" "detQuality" "FUN" "lapply" "gm.search" "gm.restart" 
"loglin" "detQuality" "FUN" "lapply" "gm.search" "gm.restart" 
"as.vector" "loglin" "detQuality" "FUN" "lapply" "gm.search" "gm.restart" 
"loglin" "detQuality" "FUN" "lapply" "gm.search" "gm.restart" 
"loglin" "detQuality" "FUN" "lapply" "gm.search" "gm.restart" 
"loglin" "detQuality" "FUN" "lapply" "gm.search" "gm.restart" 
"loglin" "detQuality" "FUN" "lapply" "gm.search" "gm.restart" 
"as.vector" "loglin" "detQuality" "FUN" "lapply" "gm.search" "gm.restart" 
"as.vector" "loglin" "detQuality" "FUN" "lapply" "gm.search" "gm.restart" 
"as.vector" "loglin" "detQuality" "FUN" "lapply" "gm.search" "gm.restart" 
"as.vector" "loglin" "detQuality" "FUN" "lapply" "gm.search" "gm.restart" 
"as.vector" "loglin" "detQuality" "FUN" "lapply" "gm.search" "gm.restart" 
"loglin" "detQuality" "FUN" "lapply" "gm.search" "gm.restart" 
"as.vector" "loglin" "detQuality" "FUN" "lapply" "gm.search" "gm.restart" 
"as.vector" "loglin" "detQuality" "FUN" "lapply" "gm.search" "gm.restart" 
"loglin" "detQuality" "FUN" "lapply" "gm.search" "gm.restart" 
"as.vector" "loglin" "detQuality" "FUN" "lapply" "gm.search" "gm.restart" 
"as.vector" "loglin" "detQuality" "FUN" "lapply" "gm.search" "gm.restart" 
"as.vector" "loglin" "detQuality" "FUN" "lapply" "gm.search" "gm.restart" 
"loglin" "detQuality" "FUN" "lapply" "gm.search" "gm.restart" 
"loglin" "detQuality" "FUN" "lapply" "gm.search" "gm.restart" 
"as.vector" "loglin" "detQuality" "FUN" "lapply" "gm.search" "gm.restart" 
"as.vector" "loglin" "detQuality" "FUN" "lapply" "gm.search" "gm.restart" 
"as.vector" "loglin" "detQuality" "FUN" "lapply" "gm.search" "gm.restart" 
"loglin" "detQuality" "FUN" "lapply" "gm.search" "gm.restart" 
"loglin" "detQuality" "FUN" "lapply" "gm.search" "gm.restart" 
"as.vector" "loglin" "detQuality" "FUN" "lapply" "gm.search" "gm.restart" 
"as.vector" "loglin" "detQuality" "FUN" "lapply" "gm.search" "gm.restart" 
"loglin" "detQuality" "FUN" "lapply" "gm.search" "gm.restart" 
"loglin" "detQuality" "FUN" "lapply" "gm.search" "gm.restart" 
"as.vector" "loglin" "detQuality" "FUN" "lapply" "gm.search" "gm.restart" 
"as.vector" "loglin" "detQuality" "FUN" "lapply" "gm.search" "gm.restart" 
"as.vector" "loglin" "detQuality" "FUN" "lapply" "gm.search" "gm.restart" 
"as.vector" "loglin" "detQuality" "FUN" "lapply" "gm.search" "gm.restart" 
"as.vector" "loglin" "detQuality" "FUN" "lapply" "gm.search" "gm.restart" 
"as.vector" "loglin" "detQuality" "FUN" "lapply" "gm.search" "gm.restart" 
"as.vector" "loglin" "detQuality" "FUN" "lapply" "gm.search" "gm.restart" 
"as.vector" "loglin" "detQuality" "FUN" "lapply" "gm.search" "gm.restart" 
"as.vector" "loglin" "detQuality" "FUN" "lapply" "gm.search" "gm.restart" 
"as.vector" "loglin" "detQuality" "FUN" "lapply" "gm.search" "gm.restart" 
"as.vector" "loglin" "detQuality" "FUN" "lapply" "gm.search" "gm.restart" 
"as.vector" "loglin" "detQuality" "FUN" "lapply" "gm.search" "gm.restart" 
"as.vector" "loglin" "detQuality" "FUN" "lapply" "gm.search" "gm.restart" 
"dimnames" "dimnames" "loglin" "detQuality" "FUN" "lapply" "gm.search" "gm.restart" 
"loglin" "detQuality" "FUN" "lapply" "gm.search" "gm.restart" 
"loglin" "detQuality" "FUN" "lapply" "gm.search" "gm.restart" 
"as.vector" "loglin" "detQuality" "FUN" "lapply" "gm.search" "gm.restart" 
"as.vector" "loglin" "detQuality" "FUN" "lapply" "gm.search" "gm.restart" 
"loglin" "detQuality" "FUN" "lapply" "gm.search" "gm.restart" 
"loglin" "detQuality" "FUN" "lapply" "gm.search" "gm.restart" 
"as.vector" "loglin" "detQuality" "FUN" "lapply" "gm.search" "gm.restart" 
"loglin" "detQuality" "gm.search" "gm.restart" 
"loglin" "detQuality" "gm.search" "gm.restart" 
"loglin" "detQuality" "gm.search" "gm.restart" 
"loglin" "detQuality" "gm.search" "gm.restart" 
"sum" "loglin" "detQuality" "gm.search" "gm.restart" 
"as.vector" "loglin" "detQuality" "gm.search" "gm.restart" 
"as.vector" "loglin" "detQuality" "gm.search" "gm.restart" 
"as.vector" "loglin" "detQuality" "gm.search" "gm.restart" 
"as.vector" "loglin" "detQuality" "gm.search" "gm.restart" 
"neighbors" "find.cliques" "getCliques" "FUN" "lapply" "gm.search" "gm.restart" 
"is.atomic" "matrix" "loglin" "detQuality" "FUN" "lapply" "gm.search" "gm.restart" 
"loglin" "detQuality" "FUN" "lapply" "gm.search" "gm.restart" 
"loglin" "detQuality" "FUN" "lapply" "gm.search" "gm.restart" 
"loglin" "detQuality" "FUN" "lapply" "gm.search" "gm.restart" 
"as.vector" "loglin" "detQuality" "FUN" "lapply" "gm.search" "gm.restart" 
"as.vector" "loglin" "detQuality" "FUN" "lapply" "gm.search" "gm.restart" 
"as.vector" "loglin" "detQuality" "FUN" "lapply" "gm.search" "gm.restart" 
"as.vector" "loglin" "detQuality" "FUN" "lapply" "gm.search" "gm.restart" 
"as.vector" "loglin" "detQuality" "FUN" "lapply" "gm.search" "gm.restart" 
"as.vector" "loglin" "detQuality" "FUN" "lapply" "gm.search" "gm.restart" 
"as.vector" "loglin" "detQuality" "FUN" "lapply" "gm.search" "gm.restart" 
"loglin" "detQuality" "FUN" "lapply" "gm.search" "gm.restart" 
"loglin" "detQuality" "FUN" "lapply" "gm.search" "gm.restart" 
"loglin" "detQuality" "FUN" "lapply" "gm.search" "gm.restart" 
"as.vector" "loglin" "detQuality" "FUN" "lapply" "gm.search" "gm.restart" 
"loglin" "detQuality" "FUN" "lapply" "gm.search" "gm.restart" 
"as.vector" "loglin" "detQuality" "FUN" "lapply" "gm.search" "gm.restart" 
"loglin" "detQuality" "FUN" "lapply" "gm.search" "gm.restart" 
"loglin" "detQuality" "FUN" "lapply" "gm.search" "gm.restart" 
"loglin" "detQuality" "FUN" "lapply" "gm.search" "gm.restart" 
"as.vector" "loglin" "detQuality" "FUN" "lapply" "gm.search" "gm.restart" 
"loglin" "detQuality" "FUN" "lapply" "gm.search" "gm.restart" 
"loglin" "detQuality" "FUN" "lapply" "gm.search" "gm.restart" 
"loglin" "detQuality" "FUN" "lapply" "gm.search" "gm.restart" 
"as.vector" "loglin" "detQuality" "FUN" "lapply" "gm.search" "gm.restart" 
"as.vector" "loglin" "detQuality" "FUN" "lapply" "gm.search" "gm.restart" 
"as.vector" "loglin" "detQuality" "FUN" "lapply" "gm.search" "gm.restart" 
"as.vector" "loglin" "detQuality" "FUN" "lapply" "gm.search" "gm.restart" 
"loglin" "detQuality" "FUN" "lapply" "gm.search" "gm.restart" 
"loglin" "detQuality" "FUN" "lapply" "gm.search" "gm.restart" 
"as.vector" "loglin" "detQuality" "FUN" "lapply" "gm.search" "gm.restart" 
"as.vector" "loglin" "detQuality" "FUN" "lapply" "gm.search" "gm.restart" 
"loglin" "detQuality" "FUN" "lapply" "gm.search" "gm.restart" 
"loglin" "detQuality" "FUN" "lapply" "gm.search" "gm.restart" 
"as.vector" "loglin" "detQuality" "FUN" "lapply" "gm.search" "gm.restart" 
"as.vector" "loglin" "detQuality" "FUN" "lapply" "gm.search" "gm.restart" 
"loglin" "detQuality" "FUN" "lapply" "gm.search" "gm.restart" 
"loglin" "detQuality" "FUN" "lapply" "gm.search" "gm.restart" 
"loglin" "detQuality" "FUN" "lapply" "gm.search" "gm.restart" 
"as.vector" "loglin" "detQuality" "FUN" "lapply" "gm.search" "gm.restart" 
"as.vector" "loglin" "detQuality" "FUN" "lapply" "gm.search" "gm.restart" 
"as.vector" "loglin" "detQuality" "FUN" "lapply" "gm.search" "gm.restart" 
"as.vector" "loglin" "detQuality" "FUN" "lapply" "gm.search" "gm.restart" 
"loglin" "detQuality" "FUN" "lapply" "gm.search" "gm.restart" 
"loglin" "detQuality" "FUN" "lapply" "gm.search" "gm.restart" 
"as.vector" "loglin" "detQuality" "FUN" "lapply" "gm.search" "gm.restart" 
"as.vector" "loglin" "detQuality" "FUN" "lapply" "gm.search" "gm.restart" 
"loglin" "detQuality" "FUN" "lapply" "gm.search" "gm.restart" 
"as.vector" "loglin" "detQuality" "FUN" "lapply" "gm.search" "gm.restart" 
"as.vector" "loglin" "detQuality" "FUN" "lapply" "gm.search" "gm.restart" 
"as.vector" "loglin" "detQuality" "FUN" "lapply" "gm.search" "gm.restart" 
"loglin" "detQuality" "FUN" "lapply" "gm.search" "gm.restart" 
"loglin" "detQuality" "FUN" "lapply" "gm.search" "gm.restart" 
"loglin" "detQuality" "FUN" "lapply" "gm.search" "gm.restart" 
"as.vector" "loglin" "detQuality" "FUN" "lapply" "gm.search" "gm.restart" 
"as.vector" "loglin" "detQuality" "FUN" "lapply" "gm.search" "gm.restart" 
"as.vector" "loglin" "detQuality" "FUN" "lapply" "gm.search" "gm.restart" 
"as.vector" "loglin" "detQuality" "FUN" "lapply" "gm.search" "gm.restart" 
"loglin" "detQuality" "FUN" "lapply" "gm.search" "gm.restart" 
"loglin" "detQuality" "FUN" "lapply" "gm.search" "gm.restart" 
"as.vector" "loglin" "detQuality" "FUN" "lapply" "gm.search" "gm.restart" 
"loglin" "detQuality" "FUN" "lapply" "gm.search" "gm.restart" 
"loglin" "detQuality" "FUN" "lapply" "gm.search" "gm.restart" 
"as.vector" "loglin" "detQuality" "FUN" "lapply" "gm.search" "gm.restart" 
"as.vector" "loglin" "detQuality" "FUN" "lapply" "gm.search" "gm.restart" 
"as.vector" "loglin" "detQuality" "FUN" "lapply" "gm.search" "gm.restart" 
"as.vector" "loglin" "detQuality" "FUN" "lapply" "gm.search" "gm.restart" 
"as.vector" "loglin" "detQuality" "FUN" "lapply" "gm.search" "gm.restart" 
"as.vector" "loglin" "detQuality" "FUN" "lapply" "gm.search" "gm.restart" 
"as.vector" "loglin" "detQuality" "FUN" "lapply" "gm.search" "gm.restart" 
"loglin" "detQuality" "FUN" "lapply" "gm.search" "gm.restart" 
"as.vector" "loglin" "detQuality" "FUN" "lapply" "gm.search" "gm.restart" 
"loglin" "detQuality" "FUN" "lapply" "gm.search" "gm.restart" 
"loglin" "detQuality" "FUN" "lapply" "gm.search" "gm.restart" 
"loglin" "detQuality" "FUN" "lapply" "gm.search" "gm.restart" 
"as.vector" "loglin" "detQuality" "FUN" "lapply" "gm.search" "gm.restart" 
"as.vector" "loglin" "detQuality" "FUN" "lapply" "gm.search" "gm.restart" 
"loglin" "detQuality" "FUN" "lapply" "gm.search" "gm.restart" 
"loglin" "detQuality" "FUN" "lapply" "gm.search" "gm.restart" 
"loglin" "detQuality" "FUN" "lapply" "gm.search" "gm.restart" 
"as.vector" "loglin" "detQuality" "FUN" "lapply" "gm.search" "gm.restart" 
"loglin" "detQuality" "FUN" "lapply" "gm.search" "gm.restart" 
"loglin" "detQuality" "FUN" "lapply" "gm.search" "gm.restart" 
"as.vector" "loglin" "detQuality" "FUN" "lapply" "gm.search" "gm.restart" 
"loglin" "detQuality" "FUN" "lapply" "gm.search" "gm.restart" 
"as.vector" "loglin" "detQuality" "FUN" "lapply" "gm.search" "gm.restart" 
"as.vector" "loglin" "detQuality" "FUN" "lapply" "gm.search" "gm.restart" 
"as.vector" "loglin" "detQuality" "FUN" "lapply" "gm.search" "gm.restart" 
"loglin" "detQuality" "FUN" "lapply" "gm.search" "gm.restart" 
"loglin" "detQuality" "FUN" "lapply" "gm.search" "gm.restart" 
"loglin" "detQuality" "FUN" "lapply" "gm.search" "gm.restart" 
"as.vector" "loglin" "detQuality" "FUN" "lapply" "gm.search" "gm.restart" 
"loglin" "detQuality" "FUN" "lapply" "gm.search" "gm.restart" 
"loglin" "detQuality" "FUN" "lapply" "gm.search" "gm.restart" 
"loglin" "detQuality" "FUN" "lapply" "gm.search" "gm.restart" 
"as.vector" "loglin" "detQuality" "FUN" "lapply" "gm.search" "gm.restart" 
"as.vector" "loglin" "detQuality" "FUN" "lapply" "gm.search" "gm.restart" 
"loglin" "detQuality" "FUN" "lapply" "gm.search" "gm.restart" 
"loglin" "detQuality" "FUN" "lapply" "gm.search" "gm.restart" 
"loglin" "detQuality" "FUN" "lapply" "gm.search" "gm.restart" 
"as.vector" "loglin" "detQuality" "FUN" "lapply" "gm.search" "gm.restart" 
"as.vector" "loglin" "detQuality" "FUN" "lapply" "gm.search" "gm.restart" 
"loglin" "detQuality" "FUN" "lapply" "gm.search" "gm.restart" 
"loglin" "detQuality" "FUN" "lapply" "gm.search" "gm.restart" 
"loglin" "detQuality" "FUN" "lapply" "gm.search" "gm.restart" 
"as.vector" "loglin" "detQuality" "FUN" "lapply" "gm.search" "gm.restart" 
"loglin" "detQuality" "FUN" "lapply" "gm.search" "gm.restart" 
"as.vector" "loglin" "detQuality" "FUN" "lapply" "gm.search" "gm.restart" 
"as.vector" "loglin" "detQuality" "FUN" "lapply" "gm.search" "gm.restart" 
"as.vector" "loglin" "detQuality" "FUN" "lapply" "gm.search" "gm.restart" 
"loglin" "detQuality" "FUN" "lapply" "gm.search" "gm.restart" 
"loglin" "detQuality" "FUN" "lapply" "gm.search" "gm.restart" 
"loglin" "detQuality" "FUN" "lapply" "gm.search" "gm.restart" 
"as.vector" "loglin" "detQuality" "FUN" "lapply" "gm.search" "gm.restart" 
"as.vector" "loglin" "detQuality" "FUN" "lapply" "gm.search" "gm.restart" 
"as.vector" "loglin" "detQuality" "FUN" "lapply" "gm.search" "gm.restart" 
"as.vector" "loglin" "detQuality" "FUN" "lapply" "gm.search" "gm.restart" 
"as.vector" "loglin" "detQuality" "FUN" "lapply" "gm.search" "gm.restart" 
"as.vector" "loglin" "detQuality" "FUN" "lapply" "gm.search" "gm.restart" 
"as.vector" "loglin" "detQuality" "FUN" "lapply" "gm.search" "gm.restart" 
"as.vector" "loglin" "detQuality" "FUN" "lapply" "gm.search" "gm.restart" 
"loglin" "detQuality" "FUN" "lapply" "gm.search" "gm.restart" 
"loglin" "detQuality" "FUN" "lapply" "gm.search" "gm.restart" 
"loglin" "detQuality" "FUN" "lapply" "gm.search" "gm.restart" 
"as.vector" "loglin" "detQuality" "FUN" "lapply" "gm.search" "gm.restart" 
"as.vector" "loglin" "detQuality" "FUN" "lapply" "gm.search" "gm.restart" 
"as.vector" "loglin" "detQuality" "FUN" "lapply" "gm.search" "gm.restart" 
"as.vector" "loglin" "detQuality" "FUN" "lapply" "gm.search" "gm.restart" 
"as.vector" "loglin" "detQuality" "FUN" "lapply" "gm.search" "gm.restart" 
"as.vector" "loglin" "detQuality" "FUN" "lapply" "gm.search" "gm.restart" 
"as.vector" "loglin" "detQuality" "FUN" "lapply" "gm.search" "gm.restart" 
"as.vector" "loglin" "detQuality" "FUN" "lapply" "gm.search" "gm.restart" 
"loglin" "detQuality" "FUN" "lapply" "gm.search" "gm.restart" 
"loglin" "detQuality" "FUN" "lapply" "gm.search" "gm.restart" 
"as.vector" "loglin" "detQuality" "FUN" "lapply" "gm.search" "gm.restart" 
"as.vector" "loglin" "detQuality" "FUN" "lapply" "gm.search" "gm.restart" 
"loglin" "detQuality" "FUN" "lapply" "gm.search" "gm.restart" 
"loglin" "detQuality" "FUN" "lapply" "gm.search" "gm.restart" 
"loglin" "detQuality" "FUN" "lapply" "gm.search" "gm.restart" 
"as.vector" "loglin" "detQuality" "FUN" "lapply" "gm.search" "gm.restart" 
"as.vector" "loglin" "detQuality" "FUN" "lapply" "gm.search" "gm.restart" 
"loglin" "detQuality" "FUN" "lapply" "gm.search" "gm.restart" 
"loglin" "detQuality" "FUN" "lapply" "gm.search" "gm.restart" 
"as.vector" "loglin" "detQuality" "FUN" "lapply" "gm.search" "gm.restart" 
"as.vector" "loglin" "detQuality" "FUN" "lapply" "gm.search" "gm.restart" 
"as.vector" "loglin" "detQuality" "FUN" "lapply" "gm.search" "gm.restart" 
"loglin" "detQuality" "FUN" "lapply" "gm.search" "gm.restart" 
"loglin" "detQuality" "FUN" "lapply" "gm.search" "gm.restart" 
"loglin" "detQuality" "FUN" "lapply" "gm.search" "gm.restart" 
"as.vector" "loglin" "detQuality" "FUN" "lapply" "gm.search" "gm.restart" 
"loglin" "detQuality" "gm.search" "gm.restart" 
"loglin" "detQuality" "gm.search" "gm.restart" 
"loglin" "detQuality" "gm.search" "gm.restart" 
"loglin" "detQuality" "gm.search" "gm.restart" 
"loglin" "detQuality" "gm.search" "gm.restart" 
"sum" "loglin" "detQuality" "gm.search" "gm.restart" 
"ls" "FUN" "lapply" ".rs.objectsOnSearchPath" ".rs.getCompletionsSearchPath" "Reduce" "<Anonymous>" 
"ls" "FUN" "lapply" ".rs.objectsOnSearchPath" ".rs.getCompletionsSearchPath" "Reduce" "<Anonymous>" 
"ls" "FUN" "lapply" ".rs.objectsOnSearchPath" ".rs.getCompletionsSearchPath" "Reduce" "<Anonymous>" 
